
🚀 YOLOLAB SEO 批量优化启动
📊 范围：Page 7 - 136
⏰ 开始：02:11:24
============================================================

📄 Page 7... ✅ 0/20

📄 Page 8... ✅ 0/20

📄 Page 9... ✅ 0/20

📄 Page 10... ✅ 0/20

📄 Page 11... ✅ 0/20

📄 Page 12... ✅ 0/20

📄 Page 13... ✅ 0/20

📄 Page 14... ✅ 0/20

📄 Page 15... ✅ 0/20

📄 Page 16... ✅ 0/20

📄 Page 17... ✅ 0/20

📄 Page 18... ✅ 0/20

📄 Page 19... ✅ 0/20

📄 Page 20... ✅ 0/20
   📈 20/136 | 成功：0 | ETA: 2161s

📄 Page 21... ✅ 0/20

📄 Page 22... ✅ 0/20

📄 Page 23... ✅ 0/20

📄 Page 24... ✅ 0/20

📄 Page 25... ✅ 0/20

📄 Page 26... 