[    2757ms] ReferenceError: jQuery is not defined
    at https://yololab.net/_jb_static/??f221521362:2:1
[    2757ms] TypeError: Cannot read properties of undefined (reading 'hooks')
    at https://yololab.net/wp-includes/js/dist/i18n.min.js?ver=c26c3dc7bed366793375:2:4981
    at https://yololab.net/wp-includes/js/dist/i18n.min.js?ver=c26c3dc7bed366793375:2:5277
[    2758ms] ReferenceError: wp is not defined
    at wp-i18n-js-after:2:1
[    2758ms] ReferenceError: wp is not defined
    at password-strength-meter-js-translations:5:2
    at password-strength-meter-js-translations:6:4
[    2758ms] ReferenceError: jQuery is not defined
    at https://yololab.net/wp-admin/js/password-strength-meter.min.js?ver=6.9.4:2:1081
[    2758ms] ReferenceError: jQuery is not defined
    at https://yololab.net/_jb_static/??ffa9fa8fa4:2:1389
[    2759ms] TypeError: Cannot read properties of undefined (reading 'setLocaleData')
    at wp-a11y-js-translations:5:10
    at wp-a11y-js-translations:6:4
[    2759ms] TypeError: o(...) is not a function
    at https://yololab.net/wp-includes/js/dist/a11y.min.js?ver=cb460b4676c94bd228ed:2:2136
    at https://yololab.net/wp-includes/js/dist/a11y.min.js?ver=cb460b4676c94bd228ed:2:2174
[    2759ms] TypeError: Cannot read properties of undefined (reading 'setLocaleData')
    at user-profile-js-translations:5:10
    at user-profile-js-translations:6:4
[    2760ms] ReferenceError: jQuery is not defined
    at https://yololab.net/wp-admin/js/user-profile.min.js?ver=6.9.4:2:7955
[   28985ms] ReferenceError: jQuery is not defined
    at https://yololab.net/_jb_static/??f221521362:2:1
[   28985ms] TypeError: Cannot read properties of undefined (reading 'hooks')
    at https://yololab.net/wp-includes/js/dist/i18n.min.js?ver=c26c3dc7bed366793375:2:4981
    at https://yololab.net/wp-includes/js/dist/i18n.min.js?ver=c26c3dc7bed366793375:2:5277
[   28992ms] ReferenceError: wp is not defined
    at wp-i18n-js-after:2:1
[   28998ms] ReferenceError: wp is not defined
    at password-strength-meter-js-translations:5:2
    at password-strength-meter-js-translations:6:4
[   28998ms] ReferenceError: jQuery is not defined
    at https://yololab.net/wp-admin/js/password-strength-meter.min.js?ver=6.9.4:2:1081
[   28998ms] ReferenceError: jQuery is not defined
    at https://yololab.net/_jb_static/??ffa9fa8fa4:2:1389
[   28999ms] TypeError: Cannot read properties of undefined (reading 'setLocaleData')
    at wp-a11y-js-translations:5:10
    at wp-a11y-js-translations:6:4
[   28999ms] TypeError: o(...) is not a function
    at https://yololab.net/wp-includes/js/dist/a11y.min.js?ver=cb460b4676c94bd228ed:2:2136
    at https://yololab.net/wp-includes/js/dist/a11y.min.js?ver=cb460b4676c94bd228ed:2:2174
[   28999ms] TypeError: Cannot read properties of undefined (reading 'setLocaleData')
    at user-profile-js-translations:5:10
    at user-profile-js-translations:6:4
[   29000ms] ReferenceError: jQuery is not defined
    at https://yololab.net/wp-admin/js/user-profile.min.js?ver=6.9.4:2:7955
[   62644ms] [WARNING] Some icons were re-registered. Applications should only call registerIcons for any given icon once. Redefining what an icon is may have unintended consequences. Duplicates include: 
GlobalNavButton, ChevronDown, ChevronUp, Edit, Add, Cancel, More, Settings, Mail, Filter (+ 1791 more) @ https://yololab.net/wp-content/plugins/bing-webmaster-tools/static/js/2.e21c8efc.chunk.js?ver=161:1
[   62934ms] [WARNING] Some icons were re-registered. Applications should only call registerIcons for any given icon once. Redefining what an icon is may have unintended consequences. Duplicates include: 
GlobalNavButton, ChevronDown, ChevronUp, Edit, Add, Cancel, More, Settings, Mail, Filter (+ 1791 more) @ https://yololab.net/wp-content/plugins/indexnow/static/js/main.6b93cffc.js?ver=492:1
[  103494ms] [ERROR] Failed to load resource: the server responded with a status of 404 () @ https://widgets.wp.com/notifications/languages/zh-v1.1.json:0
[  109208ms] ReferenceError: jQuery is not defined
    at https://yololab.net/_jb_static/??b4d61310ec:1:133
    at https://yololab.net/_jb_static/??b4d61310ec:1:141
[  109208ms] TypeError: Cannot read properties of undefined (reading 'defaultHooks')
    at https://yololab.net/wp-includes/js/dist/i18n.min.js?ver=c26c3dc7bed366793375:2:5007
    at https://yololab.net/wp-includes/js/dist/i18n.min.js?ver=c26c3dc7bed366793375:2:5277
[  109209ms] TypeError: Cannot read properties of undefined (reading 'setLocaleData')
    at wp-i18n-js-after:2:9
[  109214ms] TypeError: Cannot read properties of undefined (reading 'setLocaleData')
    at jetpack-instant-search-js-translations:5:10
    at jetpack-instant-search-js-translations:6:4
[  110297ms] Octal escape sequences are not allowed in template strings.
