[  -18625ms] [ERROR] Failed to load resource: the server responded with a status of 404 () @ https://widgets.wp.com/notifications/languages/zh-v1.1.json:0
[  760257ms] [ERROR] Google Site Kit API Error method:GET datapoint:report type:modules identifier:analytics-4 error:"Could not get a valid response from the server." @ https://yololab.net/wp-content/plugins/google-site-kit/dist/assets/js/googlesitekit-api-ad343193f01b8a2f96a0.js:21
[  760260ms] [ERROR] Google Site Kit API Error method:GET datapoint:report type:modules identifier:analytics-4 error:"Could not get a valid response from the server." @ https://yololab.net/wp-content/plugins/google-site-kit/dist/assets/js/googlesitekit-api-ad343193f01b8a2f96a0.js:21
[  760384ms] ReferenceError: jQuery is not defined
    at https://yololab.net/_jb_static/??f221521362:2:1
[  760384ms] TypeError: Cannot read properties of undefined (reading 'hooks')
    at https://yololab.net/wp-includes/js/dist/i18n.min.js?ver=c26c3dc7bed366793375:2:4981
    at https://yololab.net/wp-includes/js/dist/i18n.min.js?ver=c26c3dc7bed366793375:2:5277
[  760384ms] ReferenceError: wp is not defined
    at wp-i18n-js-after:2:1
[  760385ms] ReferenceError: wp is not defined
    at password-strength-meter-js-translations:5:2
    at password-strength-meter-js-translations:6:4
[  760385ms] ReferenceError: jQuery is not defined
    at https://yololab.net/wp-admin/js/password-strength-meter.min.js?ver=6.9.4:2:1081
[  760396ms] ReferenceError: jQuery is not defined
    at https://yololab.net/_jb_static/??ffa9fa8fa4:2:1389
[  760396ms] TypeError: Cannot read properties of undefined (reading 'setLocaleData')
    at wp-a11y-js-translations:5:10
    at wp-a11y-js-translations:6:4
[  760396ms] TypeError: o(...) is not a function
    at https://yololab.net/wp-includes/js/dist/a11y.min.js?ver=cb460b4676c94bd228ed:2:2136
    at https://yololab.net/wp-includes/js/dist/a11y.min.js?ver=cb460b4676c94bd228ed:2:2174
[  760396ms] TypeError: Cannot read properties of undefined (reading 'setLocaleData')
    at user-profile-js-translations:5:10
    at user-profile-js-translations:6:4
[  760396ms] ReferenceError: jQuery is not defined
    at https://yololab.net/wp-admin/js/user-profile.min.js?ver=6.9.4:2:7955
